This is pdfTeX, Version 3.14159265-2.6-1.40.21 (TeX Live 2020/W32TeX) (preloaded format=pdflatex 2020.8.24)  4 SEP 2020 14:33
entering extended mode
 restricted \write18 enabled.
 %&-line parsing enabled.
**PLSCAR_to_a_GPLS.tex
(./PLSCAR_to_a_GPLS.tex
LaTeX2e <2020-02-02> patch level 5
L3 programming layer <2020-08-07> (c:/Users/WALL-E/AppData/Roaming/TinyTeX/texm
f-dist/tex/latex/base/article.cls
Document Class: article 2019/12/20 v1.4l Standard LaTeX document class
(c:/Users/WALL-E/AppData/Roaming/TinyTeX/texmf-dist/tex/latex/base/size12.clo
File: size12.clo 2019/12/20 v1.4l Standard LaTeX file (size option)
)
\c@part=\count168
\c@section=\count169
\c@subsection=\count170
\c@subsubsection=\count171
\c@paragraph=\count172
\c@subparagraph=\count173
\c@figure=\count174
\c@table=\count175
\abovecaptionskip=\skip47
\belowcaptionskip=\skip48
\bibindent=\dimen134
)
(c:/Users/WALL-E/AppData/Roaming/TinyTeX/texmf-dist/tex/latex/amsmath/amsmath.s
ty
Package: amsmath 2020/01/20 v2.17e AMS math features
\@mathmargin=\skip49
For additional information on amsmath, use the `?' option.

(c:/Users/WALL-E/AppData/Roaming/TinyTeX/texmf-dist/tex/latex/amsmath/amstext.s
ty
Package: amstext 2000/06/29 v2.01 AMS text

(c:/Users/WALL-E/AppData/Roaming/TinyTeX/texmf-dist/tex/latex/amsmath/amsgen.st
y
File: amsgen.sty 1999/11/30 v2.0 generic functions
\@emptytoks=\toks15
\ex@=\dimen135
))
(c:/Users/WALL-E/AppData/Roaming/TinyTeX/texmf-dist/tex/latex/amsmath/amsbsy.st
y
Package: amsbsy 1999/11/29 v1.2d Bold Symbols
\pmbraise@=\dimen136
)
(c:/Users/WALL-E/AppData/Roaming/TinyTeX/texmf-dist/tex/latex/amsmath/amsopn.st
y
Package: amsopn 2016/03/08 v2.02 operator names
)
\inf@bad=\count176
LaTeX Info: Redefining \frac on input line 227.
\uproot@=\count177
\leftroot@=\count178
LaTeX Info: Redefining \overline on input line 389.
\classnum@=\count179
\DOTSCASE@=\count180
LaTeX Info: Redefining \ldots on input line 486.
LaTeX Info: Redefining \dots on input line 489.
LaTeX Info: Redefining \cdots on input line 610.
\Mathstrutbox@=\box45
\strutbox@=\box46
\big@size=\dimen137
LaTeX Font Info:    Redeclaring font encoding OML on input line 733.
LaTeX Font Info:    Redeclaring font encoding OMS on input line 734.
\macc@depth=\count181
\c@MaxMatrixCols=\count182
\dotsspace@=\muskip16
\c@parentequation=\count183
\dspbrk@lvl=\count184
\tag@help=\toks16
\row@=\count185
\column@=\count186
\maxfields@=\count187
\andhelp@=\toks17
\eqnshift@=\dimen138
\alignsep@=\dimen139
\tagshift@=\dimen140
\tagwidth@=\dimen141
\totwidth@=\dimen142
\lineht@=\dimen143
\@envbody=\toks18
\multlinegap=\skip50
\multlinetaggap=\skip51
\mathdisplay@stack=\toks19
LaTeX Info: Redefining \[ on input line 2859.
LaTeX Info: Redefining \] on input line 2860.
)
(c:/Users/WALL-E/AppData/Roaming/TinyTeX/texmf-dist/tex/latex/graphics/graphicx
.sty
Package: graphicx 2019/11/30 v1.2a Enhanced LaTeX Graphics (DPC,SPQR)

(c:/Users/WALL-E/AppData/Roaming/TinyTeX/texmf-dist/tex/latex/graphics/keyval.s
ty
Package: keyval 2014/10/28 v1.15 key=value parser (DPC)
\KV@toks@=\toks20
)
(c:/Users/WALL-E/AppData/Roaming/TinyTeX/texmf-dist/tex/latex/graphics/graphics
.sty
Package: graphics 2019/11/30 v1.4a Standard LaTeX Graphics (DPC,SPQR)

(c:/Users/WALL-E/AppData/Roaming/TinyTeX/texmf-dist/tex/latex/graphics/trig.sty
Package: trig 2016/01/03 v1.10 sin cos tan (DPC)
)
(c:/Users/WALL-E/AppData/Roaming/TinyTeX/texmf-dist/tex/latex/graphics-cfg/grap
hics.cfg
File: graphics.cfg 2016/06/04 v1.11 sample graphics configuration
)
Package graphics Info: Driver file: pdftex.def on input line 105.

(c:/Users/WALL-E/AppData/Roaming/TinyTeX/texmf-dist/tex/latex/graphics-def/pdft
ex.def
File: pdftex.def 2018/01/08 v1.0l Graphics/color driver for pdftex
))
\Gin@req@height=\dimen144
\Gin@req@width=\dimen145
)
(c:/Users/WALL-E/AppData/Roaming/TinyTeX/texmf-dist/tex/latex/psfrag/psfrag.sty
Package: psfrag 1998/04/11 v3.04 PSfrag (MCG)
\pfg@pcount=\count188
\pfg@scount=\count189
\pfg@temp=\write3
) (c:/Users/WALL-E/AppData/Roaming/TinyTeX/texmf-dist/tex/generic/epsf/epsf.sty
This is `epsf.tex' v2.7.4 <14 February 2011>
\epsffilein=\read2
\epsfframemargin=\dimen146
\epsfframethickness=\dimen147
\epsfrsize=\dimen148
\epsftmp=\dimen149
\epsftsize=\dimen150
\epsfxsize=\dimen151
\epsfysize=\dimen152
\pspoints=\dimen153
)
(c:/Users/WALL-E/AppData/Roaming/TinyTeX/texmf-dist/tex/latex/tools/enumerate.s
ty
Package: enumerate 2015/07/23 v3.00 enumerate extensions (DPC)
\@enLab=\toks21
)
(c:/Users/WALL-E/AppData/Roaming/TinyTeX/texmf-dist/tex/latex/natbib/natbib.sty
Package: natbib 2010/09/13 8.31b (PWD, AO)
\bibhang=\skip52
\bibsep=\skip53
LaTeX Info: Redefining \cite on input line 694.
\c@NAT@ctr=\count190
)
(c:/Users/WALL-E/AppData/Roaming/TinyTeX/texmf-dist/tex/latex/base/textcomp.sty
Package: textcomp 2020/02/02 v2.0n Standard LaTeX package
) (c:/Users/WALL-E/AppData/Roaming/TinyTeX/texmf-dist/tex/latex/url/url.sty
\Urlmuskip=\muskip17
Package: url 2013/09/16  ver 3.4  Verb mode for urls, etc.
)
(c:/Users/WALL-E/AppData/Roaming/TinyTeX/texmf-dist/tex/latex/hyperref/hyperref
.sty
Package: hyperref 2020-05-15 v7.00e Hypertext links for LaTeX

(c:/Users/WALL-E/AppData/Roaming/TinyTeX/texmf-dist/tex/generic/ltxcmds/ltxcmds
.sty
Package: ltxcmds 2019/12/15 v1.24 LaTeX kernel commands for general use (HO)
)
(c:/Users/WALL-E/AppData/Roaming/TinyTeX/texmf-dist/tex/generic/iftex/iftex.sty
Package: iftex 2020/03/06 v1.0d TeX engine tests
)
(c:/Users/WALL-E/AppData/Roaming/TinyTeX/texmf-dist/tex/generic/pdftexcmds/pdft
excmds.sty
Package: pdftexcmds 2020-06-27 v0.33 Utility functions of pdfTeX for LuaTeX (HO
)

(c:/Users/WALL-E/AppData/Roaming/TinyTeX/texmf-dist/tex/generic/infwarerr/infwa
rerr.sty
Package: infwarerr 2019/12/03 v1.5 Providing info/warning/error messages (HO)
)
Package pdftexcmds Info: \pdf@primitive is available.
Package pdftexcmds Info: \pdf@ifprimitive is available.
Package pdftexcmds Info: \pdfdraftmode found.
)
(c:/Users/WALL-E/AppData/Roaming/TinyTeX/texmf-dist/tex/generic/kvsetkeys/kvset
keys.sty
Package: kvsetkeys 2019/12/15 v1.18 Key value parser (HO)
)
(c:/Users/WALL-E/AppData/Roaming/TinyTeX/texmf-dist/tex/generic/kvdefinekeys/kv
definekeys.sty
Package: kvdefinekeys 2019-12-19 v1.6 Define keys (HO)
)
(c:/Users/WALL-E/AppData/Roaming/TinyTeX/texmf-dist/tex/generic/pdfescape/pdfes
cape.sty
Package: pdfescape 2019/12/09 v1.15 Implements pdfTeX's escape features (HO)
)
(c:/Users/WALL-E/AppData/Roaming/TinyTeX/texmf-dist/tex/latex/hycolor/hycolor.s
ty
Package: hycolor 2020-01-27 v1.10 Color options for hyperref/bookmark (HO)
)
(c:/Users/WALL-E/AppData/Roaming/TinyTeX/texmf-dist/tex/latex/letltxmacro/letlt
xmacro.sty
Package: letltxmacro 2019/12/03 v1.6 Let assignment for LaTeX macros (HO)
)
(c:/Users/WALL-E/AppData/Roaming/TinyTeX/texmf-dist/tex/latex/auxhook/auxhook.s
ty
Package: auxhook 2019-12-17 v1.6 Hooks for auxiliary files (HO)
)
(c:/Users/WALL-E/AppData/Roaming/TinyTeX/texmf-dist/tex/latex/kvoptions/kvoptio
ns.sty
Package: kvoptions 2019/11/29 v3.13 Key value format for package options (HO)
)
\@linkdim=\dimen154
\Hy@linkcounter=\count191
\Hy@pagecounter=\count192

(c:/Users/WALL-E/AppData/Roaming/TinyTeX/texmf-dist/tex/latex/hyperref/pd1enc.d
ef
File: pd1enc.def 2020-05-15 v7.00e Hyperref: PDFDocEncoding definition (HO)
Now handling font encoding PD1 ...
... no UTF-8 mapping file for font encoding PD1
)
(c:/Users/WALL-E/AppData/Roaming/TinyTeX/texmf-dist/tex/generic/intcalc/intcalc
.sty
Package: intcalc 2019/12/15 v1.3 Expandable calculations with integers (HO)
)
(c:/Users/WALL-E/AppData/Roaming/TinyTeX/texmf-dist/tex/generic/etexcmds/etexcm
ds.sty
Package: etexcmds 2019/12/15 v1.7 Avoid name clashes with e-TeX commands (HO)
)
\Hy@SavedSpaceFactor=\count193
Package hyperref Info: Hyper figures OFF on input line 4464.
Package hyperref Info: Link nesting OFF on input line 4469.
Package hyperref Info: Hyper index ON on input line 4472.
Package hyperref Info: Plain pages OFF on input line 4479.
Package hyperref Info: Backreferencing OFF on input line 4484.
Package hyperref Info: Implicit mode ON; LaTeX internals redefined.
Package hyperref Info: Bookmarks ON on input line 4717.
\c@Hy@tempcnt=\count194
LaTeX Info: Redefining \url on input line 5076.
\XeTeXLinkMargin=\dimen155

(c:/Users/WALL-E/AppData/Roaming/TinyTeX/texmf-dist/tex/generic/bitset/bitset.s
ty
Package: bitset 2019/12/09 v1.3 Handle bit-vector datatype (HO)

(c:/Users/WALL-E/AppData/Roaming/TinyTeX/texmf-dist/tex/generic/bigintcalc/bigi
ntcalc.sty
Package: bigintcalc 2019/12/15 v1.5 Expandable calculations on big integers (HO
)
))
\Fld@menulength=\count195
\Field@Width=\dimen156
\Fld@charsize=\dimen157
Package hyperref Info: Hyper figures OFF on input line 6347.
Package hyperref Info: Link nesting OFF on input line 6352.
Package hyperref Info: Hyper index ON on input line 6355.
Package hyperref Info: backreferencing OFF on input line 6362.
Package hyperref Info: Link coloring OFF on input line 6367.
Package hyperref Info: Link coloring with OCG OFF on input line 6372.
Package hyperref Info: PDF/A mode OFF on input line 6377.
LaTeX Info: Redefining \ref on input line 6417.
LaTeX Info: Redefining \pageref on input line 6421.

(c:/Users/WALL-E/AppData/Roaming/TinyTeX/texmf-dist/tex/generic/atbegshi/atbegs
hi.sty
Package: atbegshi 2019/12/05 v1.19 At begin shipout hook (HO)
)
\Hy@abspage=\count196
\c@Item=\count197
\c@Hfootnote=\count198
)
Package hyperref Info: Driver (autodetected): hpdftex.

(c:/Users/WALL-E/AppData/Roaming/TinyTeX/texmf-dist/tex/latex/hyperref/hpdftex.
def
File: hpdftex.def 2020-05-15 v7.00e Hyperref driver for pdfTeX

(c:/Users/WALL-E/AppData/Roaming/TinyTeX/texmf-dist/tex/latex/atveryend/atverye
nd.sty
Package: atveryend 2019-12-11 v1.11 Hooks at the very end of document (HO)
Package atveryend Info: \enddocument detected (standard20110627).
)
\Fld@listcount=\count199
\c@bookmark@seq@number=\count266

(c:/Users/WALL-E/AppData/Roaming/TinyTeX/texmf-dist/tex/latex/rerunfilecheck/re
runfilecheck.sty
Package: rerunfilecheck 2019/12/05 v1.9 Rerun checks for auxiliary files (HO)

(c:/Users/WALL-E/AppData/Roaming/TinyTeX/texmf-dist/tex/generic/uniquecounter/u
niquecounter.sty
Package: uniquecounter 2019/12/15 v1.4 Provide unlimited unique counter (HO)
)
Package uniquecounter Info: New unique counter `rerunfilecheck' on input line 2
86.
)
\Hy@SectionHShift=\skip54
) (c:/Users/WALL-E/AppData/Roaming/TinyTeX/texmf-dist/tex/latex/float/float.sty
Package: float 2001/11/08 v1.3d Float enhancements (AL)
\c@float@type=\count267
\float@exts=\toks22
\float@box=\box47
\@float@everytoks=\toks23
\@floatcapt=\box48
) (c:/Users/WALL-E/AppData/Roaming/TinyTeX/texmf-dist/tex/latex/bbold/bbold.sty
Package: bbold 1994/04/06 Bbold symbol package
)
(c:/Users/WALL-E/AppData/Roaming/TinyTeX/texmf-dist/tex/latex/subfig/subfig.sty
Package: subfig 2005/06/28 ver: 1.3 subfig package

(c:/Users/WALL-E/AppData/Roaming/TinyTeX/texmf-dist/tex/latex/caption/caption.s
ty
Package: caption 2020/05/30 v3.4k Customizing captions (AR)

(c:/Users/WALL-E/AppData/Roaming/TinyTeX/texmf-dist/tex/latex/caption/caption3.
sty
Package: caption3 2020/07/20 v1.12b caption3 kernel (AR)
Package caption3 Info: TeX engine: e-TeX on input line 61.
\captionmargin=\dimen158
\captionmargin@=\dimen159
\captionwidth=\dimen160
\caption@tempdima=\dimen161
\caption@indent=\dimen162
\caption@parindent=\dimen163
\caption@hangindent=\dimen164
Package caption Info: Standard document class detected.
)
\c@caption@flags=\count268
\c@continuedfloat=\count269
Package caption Info: float package is loaded.
Package caption Info: hyperref package is loaded.
)
\c@KVtest=\count270
\sf@farskip=\skip55
\sf@captopadj=\dimen165
\sf@capskip=\skip56
\sf@nearskip=\skip57
\c@subfigure=\count271
\c@subfigure@save=\count272
\c@lofdepth=\count273
\c@subtable=\count274
\c@subtable@save=\count275
\c@lotdepth=\count276
\sf@top=\skip58
\sf@bottom=\skip59
)
(c:/Users/WALL-E/AppData/Roaming/TinyTeX/texmf-dist/tex/latex/base/inputenc.sty
Package: inputenc 2018/08/11 v1.3c Input encoding file
\inpenc@prehook=\toks24
\inpenc@posthook=\toks25
) (c:/Users/WALL-E/AppData/Roaming/TinyTeX/texmf-dist/tex/latex/base/fontenc.st
y
Package: fontenc 2020/02/11 v2.0o Standard LaTeX package
)
(c:/Users/WALL-E/AppData/Roaming/TinyTeX/texmf-dist/tex/latex/booktabs/booktabs
.sty
Package: booktabs 2020/01/12 v1.61803398 Publication quality tables
\heavyrulewidth=\dimen166
\lightrulewidth=\dimen167
\cmidrulewidth=\dimen168
\belowrulesep=\dimen169
\belowbottomsep=\dimen170
\aboverulesep=\dimen171
\abovetopsep=\dimen172
\cmidrulesep=\dimen173
\cmidrulekern=\dimen174
\defaultaddspace=\dimen175
\@cmidla=\count277
\@cmidlb=\count278
\@aboverulesep=\dimen176
\@belowrulesep=\dimen177
\@thisruleclass=\count279
\@lastruleclass=\count280
\@thisrulewidth=\dimen178
)
(c:/Users/WALL-E/AppData/Roaming/TinyTeX/texmf-dist/tex/latex/algorithm2e/algor
ithm2e.sty
Package: algorithm2e 2017/07/18 v5.2 algorithms environments
\c@AlgoLine=\count281
(c:/Users/WALL-E/AppData/Roaming/TinyTeX/texmf-dist/tex/latex/base/ifthen.sty
Package: ifthen 2014/09/29 v1.1c Standard LaTeX ifthen package (DPC)
)
\algocf@hangindent=\skip60

(c:/Users/WALL-E/AppData/Roaming/TinyTeX/texmf-dist/tex/latex/ifoddpage/ifoddpa
ge.sty
Package: ifoddpage 2016/04/23 v1.1 Conditionals for odd/even page detection
\c@checkoddpage=\count282
) (c:/Users/WALL-E/AppData/Roaming/TinyTeX/texmf-dist/tex/latex/tools/xspace.st
y
Package: xspace 2014/10/28 v1.13 Space after command names (DPC,MH)
)
(c:/Users/WALL-E/AppData/Roaming/TinyTeX/texmf-dist/tex/latex/relsize/relsize.s
ty
Package: relsize 2013/03/29 ver 4.1
)
\skiptotal=\skip61
\skiplinenumber=\skip62
\skiprule=\skip63
\skiphlne=\skip64
\skiptext=\skip65
\skiplength=\skip66
\algomargin=\skip67
\skipalgocfslide=\skip68
\algowidth=\dimen179
\inoutsize=\dimen180
\inoutindent=\dimen181
\interspacetitleruled=\dimen182
\interspacealgoruled=\dimen183
\interspacetitleboxruled=\dimen184
\algocf@ruledwidth=\skip69
\algocf@inoutbox=\box49
\algocf@inputbox=\box50
\AlCapSkip=\skip70
\AlCapHSkip=\skip71
\algoskipindent=\skip72
\algocf@nlbox=\box51
\algocf@hangingbox=\box52
\algocf@untilbox=\box53
\algocf@skipuntil=\skip73
\algocf@capbox=\box54
\algocf@lcaptionbox=\skip74
\algoheightruledefault=\skip75
\algoheightrule=\skip76
\algotitleheightruledefault=\skip77
\algotitleheightrule=\skip78
\c@algocfline=\count283
\c@algocfproc=\count284
\c@algocf=\count285
\algocf@algoframe=\box55
\algocf@algobox=\box56
)
(c:/Users/WALL-E/AppData/Roaming/TinyTeX/texmf-dist/tex/latex/tools/tabularx.st
y
Package: tabularx 2020/01/15 v2.11c `tabularx' package (DPC)
(c:/Users/WALL-E/AppData/Roaming/TinyTeX/texmf-dist/tex/latex/tools/array.sty
Package: array 2019/08/31 v2.4l Tabular extension package (FMi)
\col@sep=\dimen185
\ar@mcellbox=\box57
\extrarowheight=\dimen186
\NC@list=\toks26
\extratabsurround=\skip79
\backup@length=\skip80
\ar@cellbox=\box58
)
\TX@col@width=\dimen187
\TX@old@table=\dimen188
\TX@old@col=\dimen189
\TX@target=\dimen190
\TX@delta=\dimen191
\TX@cols=\count286
\TX@ftn=\toks27
)
(c:/Users/WALL-E/AppData/Roaming/TinyTeX/texmf-dist/tex/latex/tools/verbatim.st
y
Package: verbatim 2019/11/10 v1.5r LaTeX2e package for verbatim enhancements
\every@verbatim=\toks28
\verbatim@line=\toks29
\verbatim@in@stream=\read3
)
(c:/Users/WALL-E/AppData/Roaming/TinyTeX/texmf-dist/tex/latex/xcolor/xcolor.sty
Package: xcolor 2016/05/11 v2.12 LaTeX color extensions (UK)

(c:/Users/WALL-E/AppData/Roaming/TinyTeX/texmf-dist/tex/latex/graphics-cfg/colo
r.cfg
File: color.cfg 2016/01/02 v1.6 sample color configuration
)
Package xcolor Info: Driver file: pdftex.def on input line 225.
Package xcolor Info: Model `cmy' substituted by `cmy0' on input line 1348.
Package xcolor Info: Model `hsb' substituted by `rgb' on input line 1352.
Package xcolor Info: Model `RGB' extended on input line 1364.
Package xcolor Info: Model `HTML' substituted by `rgb' on input line 1366.
Package xcolor Info: Model `Hsb' substituted by `hsb' on input line 1367.
Package xcolor Info: Model `tHsb' substituted by `hsb' on input line 1368.
Package xcolor Info: Model `HSB' substituted by `hsb' on input line 1369.
Package xcolor Info: Model `Gray' substituted by `gray' on input line 1370.
Package xcolor Info: Model `wave' substituted by `hsb' on input line 1371.
)
(c:/Users/WALL-E/AppData/Roaming/TinyTeX/texmf-dist/tex/latex/tools/longtable.s
ty
Package: longtable 2020/01/07 v4.13 Multi-page Table package (DPC)
\LTleft=\skip81
\LTright=\skip82
\LTpre=\skip83
\LTpost=\skip84
\LTchunksize=\count287
\LTcapwidth=\dimen192
\LT@head=\box59
\LT@firsthead=\box60
\LT@foot=\box61
\LT@lastfoot=\box62
\LT@cols=\count288
\LT@rows=\count289
\c@LT@tables=\count290
\c@LT@chunks=\count291
\LT@p@ftn=\toks30
)
(c:/Users/WALL-E/AppData/Roaming/TinyTeX/texmf-dist/tex/latex/multirow/multirow
.sty
Package: multirow 2019/05/31 v2.5 Span multiple rows of a table
\multirow@colwidth=\skip85
\multirow@cntb=\count292
\multirow@dima=\skip86
\bigstrutjot=\dimen193
)
(c:/Users/WALL-E/AppData/Roaming/TinyTeX/texmf-dist/tex/latex/wrapfig/wrapfig.s
ty
\wrapoverhang=\dimen194
\WF@size=\dimen195
\c@WF@wrappedlines=\count293
\WF@box=\box63
\WF@everypar=\toks31
Package: wrapfig 2003/01/31  v 3.6
)
(c:/Users/WALL-E/AppData/Roaming/TinyTeX/texmf-dist/tex/latex/colortbl/colortbl
.sty
Package: colortbl 2020/01/04 v1.0e Color table columns (DPC)
\everycr=\toks32
\minrowclearance=\skip87
)
(c:/Users/WALL-E/AppData/Roaming/TinyTeX/texmf-dist/tex/latex/pdflscape/pdflsca
pe.sty
Package: pdflscape 2019/12/05 v0.12 Display of landscape pages in PDF (HO)

(c:/Users/WALL-E/AppData/Roaming/TinyTeX/texmf-dist/tex/latex/graphics/lscape.s
ty
Package: lscape 2000/10/22 v3.01 Landscape Pages (DPC)
)
Package pdflscape Info: Auto-detected driver: pdftex on input line 81.
) (c:/Users/WALL-E/AppData/Roaming/TinyTeX/texmf-dist/tex/latex/tabu/tabu.sty
Package: tabu 2019/01/11 v2.9 - flexible LaTeX tabulars (FC+tabu-fixed)

(c:/Users/WALL-E/AppData/Roaming/TinyTeX/texmf-dist/tex/latex/varwidth/varwidth
.sty
Package: varwidth 2009/03/30 ver 0.92;  Variable-width minipages
\@vwid@box=\box64
\sift@deathcycles=\count294
\@vwid@loff=\dimen196
\@vwid@roff=\dimen197
)
\c@taburow=\count295
\tabu@nbcols=\count296
\tabu@cnt=\count297
\tabu@Xcol=\count298
\tabu@alloc=\count299
\tabu@nested=\count300
\tabu@target=\dimen198
\tabu@spreadtarget=\dimen199
\tabu@naturalX=\dimen256
\tabucolX=\dimen257
\tabu@Xsum=\dimen258
\extrarowdepth=\dimen259
\abovetabulinesep=\dimen260
\belowtabulinesep=\dimen261
\tabustrutrule=\dimen262
\tabu@thebody=\toks33
\tabu@footnotes=\toks34
\tabu@box=\box65
\tabu@arstrutbox=\box66
\tabu@hleads=\box67
\tabu@vleads=\box68
\tabu@cellskip=\skip88
)
(c:/Users/WALL-E/AppData/Roaming/TinyTeX/texmf-dist/tex/latex/threeparttable/th
reeparttable.sty
Package: threeparttable 2003/06/13  v 3.0
\@tempboxb=\box69
)
(c:/Users/WALL-E/AppData/Roaming/TinyTeX/texmf-dist/tex/latex/threeparttablex/t
hreeparttablex.sty
Package: threeparttablex 2013/07/23 v0.3 by daleif

(c:/Users/WALL-E/AppData/Roaming/TinyTeX/texmf-dist/tex/latex/environ/environ.s
ty
Package: environ 2014/05/04 v0.3 A new way to define environments

(c:/Users/WALL-E/AppData/Roaming/TinyTeX/texmf-dist/tex/latex/trimspaces/trimsp
aces.sty
Package: trimspaces 2009/09/17 v1.1 Trim spaces around a token list
))
\TPTL@width=\skip89
) (c:/Users/WALL-E/AppData/Roaming/TinyTeX/texmf-dist/tex/generic/ulem/ulem.sty
\UL@box=\box70
\UL@hyphenbox=\box71
\UL@skip=\skip90
\UL@hook=\toks35
\UL@height=\dimen263
\UL@pe=\count301
\UL@pixel=\dimen264
\ULC@box=\box72
Package: ulem 2019/11/18
\ULdepth=\dimen265
)
(c:/Users/WALL-E/AppData/Roaming/TinyTeX/texmf-dist/tex/latex/makecell/makecell
.sty
Package: makecell 2009/08/03 V0.1e Managing of Tab Column Heads and Cells
\rotheadsize=\dimen266
\c@nlinenum=\count302
\TeXr@lab=\toks36
)
(c:/Users/WALL-E/AppData/Roaming/TinyTeX/texmf-dist/tex/latex/l3backend/l3backe
nd-pdfmode.def
File: l3backend-pdfmode.def 2020-08-07 L3 backend support: PDF mode
\l__kernel_color_stack_int=\count303
\l__pdf_internal_box=\box73
) (./PLSCAR_to_a_GPLS.aux)
\openout1 = `PLSCAR_to_a_GPLS.aux'.

LaTeX Font Info:    Checking defaults for OML/cmm/m/it on input line 56.
LaTeX Font Info:    ... okay on input line 56.
LaTeX Font Info:    Checking defaults for OMS/cmsy/m/n on input line 56.
LaTeX Font Info:    ... okay on input line 56.
LaTeX Font Info:    Checking defaults for OT1/cmr/m/n on input line 56.
LaTeX Font Info:    ... okay on input line 56.
LaTeX Font Info:    Checking defaults for T1/cmr/m/n on input line 56.
LaTeX Font Info:    ... okay on input line 56.
LaTeX Font Info:    Checking defaults for TS1/cmr/m/n on input line 56.
LaTeX Font Info:    ... okay on input line 56.
LaTeX Font Info:    Checking defaults for OMX/cmex/m/n on input line 56.
LaTeX Font Info:    ... okay on input line 56.
LaTeX Font Info:    Checking defaults for U/cmr/m/n on input line 56.
LaTeX Font Info:    ... okay on input line 56.
LaTeX Font Info:    Checking defaults for PD1/pdf/m/n on input line 56.
LaTeX Font Info:    ... okay on input line 56.

(c:/Users/WALL-E/AppData/Roaming/TinyTeX/texmf-dist/tex/latex/epstopdf-pkg/epst
opdf-base.sty
Package: epstopdf-base 2020-01-24 v2.11 Base part for package epstopdf
Package epstopdf-base Info: Redefining graphics rule for `.eps' on input line 4
85.

(c:/Users/WALL-E/AppData/Roaming/TinyTeX/texmf-dist/tex/latex/latexconfig/epsto
pdf-sys.cfg
File: epstopdf-sys.cfg 2010/07/13 v1.3 Configuration of (r)epstopdf for TeX Liv
e
))
\AtBeginShipoutBox=\box74
Package hyperref Info: Link coloring OFF on input line 56.

(c:/Users/WALL-E/AppData/Roaming/TinyTeX/texmf-dist/tex/latex/hyperref/nameref.
sty
Package: nameref 2019/09/16 v2.46 Cross-referencing by name of section

(c:/Users/WALL-E/AppData/Roaming/TinyTeX/texmf-dist/tex/latex/refcount/refcount
.sty
Package: refcount 2019/12/15 v3.6 Data extraction from label references (HO)
)
(c:/Users/WALL-E/AppData/Roaming/TinyTeX/texmf-dist/tex/generic/gettitlestring/
gettitlestring.sty
Package: gettitlestring 2019/12/15 v1.6 Cleanup title references (HO)
)
\c@section@level=\count304
)
LaTeX Info: Redefining \ref on input line 56.
LaTeX Info: Redefining \pageref on input line 56.
LaTeX Info: Redefining \nameref on input line 56.
(./PLSCAR_to_a_GPLS.out) (./PLSCAR_to_a_GPLS.out)
\@outlinefile=\write4
\openout4 = `PLSCAR_to_a_GPLS.out'.

Package caption Info: Begin \AtBeginDocument code.
Package caption Info: subfig package v1.3 is loaded.
Package caption Info: longtable package is loaded.

(c:/Users/WALL-E/AppData/Roaming/TinyTeX/texmf-dist/tex/latex/caption/ltcaption
.sty
Package: ltcaption 2020/05/30 v1.4b longtable captions (AR)
)
Package caption Info: threeparttable package is loaded.
Package caption Info: wrapfig package is loaded.
Package caption Info: End \AtBeginDocument code.
LaTeX Font Info:    Trying to load font information for T1+cmtt on input line 8
8.
(c:/Users/WALL-E/AppData/Roaming/TinyTeX/texmf-dist/tex/latex/base/t1cmtt.fd
File: t1cmtt.fd 2019/12/16 v2.5j Standard LaTeX font definitions
) [1
Non-PDF special ignored!
<special> header=psfrag.pro

{c:/Users/WALL-E/AppData/Roaming/TinyTeX/texmf-var/fonts/map/pdftex/updmap/pdft
ex.map}] [2]
Overfull \hbox (13.93872pt too wide) in paragraph at lines 133--154
\T1/cmr/m/n/12 Today's large scale and multi-site stud-ies, such as the UK BioB
ank ([]$\T1/cmtt/m/n/12 https : / / www . ukbiobank .
 []


Overfull \hbox (1.97372pt too wide) in paragraph at lines 133--154
\T1/cmtt/m/n/12 ac . uk/$[]\T1/cmr/m/n/12 ) and the Rot-ter-dam study ([]$\T1/c
mtt/m/n/12 http : / / www . erasmus -[] epidemiology . nl/$[]\T1/cmr/m/n/12 ), 
col-lect pop-
 []

[3] [4]
Overfull \hbox (13.969pt too wide) in paragraph at lines 227--227
[]\T1/cmr/bx/n/17.28 Partial least squares-correspondence analysis-regression 
 []

[5]

Package natbib Warning: Citation `holmes_multivariate_2008' on page 6 undefined
 on input line 305.


Overfull \hbox (2.0553pt too wide) in paragraph at lines 330--336
\T1/cmr/m/n/12 We com-pute CA from $[]\OT1/cmr/bx/n/12 M[]\OML/cmm/m/it/12 ; \O
T1/cmr/bx/n/12 Z[]\OML/cmm/m/it/12 ; \OT1/cmr/bx/n/12 W[][]$ \T1/cmr/m/n/12 wit
h $\OT1/cmr/bx/n/12 M[] \OT1/cmr/m/n/12 = []\OT1/cmr/bx/n/12 m[][]$ \T1/cmr/m/n
/12 and $\OT1/cmr/bx/n/12 W[] \OT1/cmr/m/n/12 = []\OT1/cmr/bx/n/12 w[][]$\T1/cm
r/m/n/12 . 
 []


LaTeX Warning: `!h' float specifier changed to `!ht'.

[6] [7] [8] [9] [10] [11] [12]
Overfull \hbox (5.90051pt too wide) in paragraph at lines 689--702
\T1/cmr/m/n/12 Data used in the prepa-ra-tion of this ar-ti-cle come from the A
DNI database (adni.loni.usc.edu).
 []

[13] [14]

LaTeX Warning: `!h' float specifier changed to `!ht'.

[15]
Overfull \hbox (21.18303pt too wide) in paragraph at lines 815--825
 [][] 
 []

[16]
<PLSCAR_to_a_GPLS_files/figure-latex/unnamed-chunk-4-1.pdf, id=361, 433.62pt x 
578.16pt>
File: PLSCAR_to_a_GPLS_files/figure-latex/unnamed-chunk-4-1.pdf Graphic file (t
ype pdf)
<use PLSCAR_to_a_GPLS_files/figure-latex/unnamed-chunk-4-1.pdf>
Package pdftex.def Info: PLSCAR_to_a_GPLS_files/figure-latex/unnamed-chunk-4-1.
pdf  used on input line 847.
(pdftex.def)             Requested size: 369.83588pt x 513.98735pt.

LaTeX Warning: Float too large for page by 28.71075pt on input line 852.

<PLSCAR_to_a_GPLS_files/figure-latex/unnamed-chunk-5-1.pdf, id=371, 469.755pt x
 578.16pt>
File: PLSCAR_to_a_GPLS_files/figure-latex/unnamed-chunk-5-1.pdf Graphic file (t
ype pdf)
<use PLSCAR_to_a_GPLS_files/figure-latex/unnamed-chunk-5-1.pdf>
Package pdftex.def Info: PLSCAR_to_a_GPLS_files/figure-latex/unnamed-chunk-5-1.
pdf  used on input line 882.
(pdftex.def)             Requested size: 369.81934pt x 513.98735pt.
<PLSCAR_to_a_GPLS_files/figure-latex/unnamed-chunk-6-1.pdf, id=372, 469.755pt x
 578.16pt>
File: PLSCAR_to_a_GPLS_files/figure-latex/unnamed-chunk-6-1.pdf Graphic file (t
ype pdf)
<use PLSCAR_to_a_GPLS_files/figure-latex/unnamed-chunk-6-1.pdf>
Package pdftex.def Info: PLSCAR_to_a_GPLS_files/figure-latex/unnamed-chunk-6-1.
pdf  used on input line 891.
(pdftex.def)             Requested size: 369.81934pt x 513.98735pt.

LaTeX Warning: Float too large for page by 7.6858pt on input line 896.

[17] [18 <./PLSCAR_to_a_GPLS_files/figure-latex/unnamed-chunk-4-1.pdf>] [19 <./
PLSCAR_to_a_GPLS_files/figure-latex/unnamed-chunk-5-1.pdf>] [20 <./PLSCAR_to_a_
GPLS_files/figure-latex/unnamed-chunk-6-1.pdf>] [21] [22]
<PLSCAR_to_a_GPLS_files/figure-latex/unnamed-chunk-9-1.pdf, id=470, 469.755pt x
 578.16pt>
File: PLSCAR_to_a_GPLS_files/figure-latex/unnamed-chunk-9-1.pdf Graphic file (t
ype pdf)
<use PLSCAR_to_a_GPLS_files/figure-latex/unnamed-chunk-9-1.pdf>
Package pdftex.def Info: PLSCAR_to_a_GPLS_files/figure-latex/unnamed-chunk-9-1.
pdf  used on input line 1035.
(pdftex.def)             Requested size: 369.81934pt x 513.98735pt.
[23] [24 <./PLSCAR_to_a_GPLS_files/figure-latex/unnamed-chunk-9-1.pdf>]
<PLSCAR_to_a_GPLS_files/figure-latex/unnamed-chunk-10-1.pdf, id=505, 469.755pt 
x 578.16pt>
File: PLSCAR_to_a_GPLS_files/figure-latex/unnamed-chunk-10-1.pdf Graphic file (
type pdf)
<use PLSCAR_to_a_GPLS_files/figure-latex/unnamed-chunk-10-1.pdf>
Package pdftex.def Info: PLSCAR_to_a_GPLS_files/figure-latex/unnamed-chunk-10-1
.pdf  used on input line 1092.
(pdftex.def)             Requested size: 369.81934pt x 513.98735pt.
<PLSCAR_to_a_GPLS_files/figure-latex/unnamed-chunk-11-1.pdf, id=506, 469.755pt 
x 578.16pt>
File: PLSCAR_to_a_GPLS_files/figure-latex/unnamed-chunk-11-1.pdf Graphic file (
type pdf)
<use PLSCAR_to_a_GPLS_files/figure-latex/unnamed-chunk-11-1.pdf>
Package pdftex.def Info: PLSCAR_to_a_GPLS_files/figure-latex/unnamed-chunk-11-1
.pdf  used on input line 1101.
(pdftex.def)             Requested size: 369.81934pt x 513.98735pt.

LaTeX Warning: Float too large for page by 7.6858pt on input line 1106.

[25] [26 <./PLSCAR_to_a_GPLS_files/figure-latex/unnamed-chunk-10-1.pdf>] [27 <.
/PLSCAR_to_a_GPLS_files/figure-latex/unnamed-chunk-11-1.pdf>]
<PLSCAR_to_a_GPLS_files/figure-latex/unnamed-chunk-13-1.pdf, id=544, 469.755pt 
x 578.16pt>
File: PLSCAR_to_a_GPLS_files/figure-latex/unnamed-chunk-13-1.pdf Graphic file (
type pdf)
<use PLSCAR_to_a_GPLS_files/figure-latex/unnamed-chunk-13-1.pdf>
Package pdftex.def Info: PLSCAR_to_a_GPLS_files/figure-latex/unnamed-chunk-13-1
.pdf  used on input line 1138.
(pdftex.def)             Requested size: 369.81934pt x 513.98735pt.

LaTeX Warning: Float too large for page by 7.6858pt on input line 1143.

[28] [29 <./PLSCAR_to_a_GPLS_files/figure-latex/unnamed-chunk-13-1.pdf>] [30] [
31]
Overfull \hbox (1.99309pt too wide) in paragraph at lines 1255--1258
\T1/cmr/m/n/12 CA-R (and other cross-decomposition meth-ods) here: []$\T1/cmtt/
m/n/12 https : / / github . com / derekbeaton /
 []

[32] (./PLSCAR_to_a_GPLS.bbl [33] [34]
Underfull \hbox (badness 10000) in paragraph at lines 139--148
\T1/cmr/bx/n/12 URL: \T1/cmr/m/it/12 https://www.cambridge.org/core/journals/ca
nadian-journal-of-neurological-
 []


Underfull \hbox (badness 10000) in paragraph at lines 139--148
\T1/cmr/m/it/12 sciences/article/div-classtitlethe-ontario-neurodegenerative-di
sease-research-initiative-
 []

[35] [36] [37] [38]
Underfull \hbox (badness 2799) in paragraph at lines 364--369
\T1/cmr/m/n/12 type^^Uphenotype anal-y-sis and on data trans-for-ma-tion in pha
r-ma-co-ge-net-ics and
 []


Underfull \hbox (badness 10000) in paragraph at lines 364--369
\T1/cmr/bx/n/12 URL: \T1/cmr/m/it/12 http://www.nature.com.libproxy.utdallas.ed
u/nrg/journal/v8/n12/full/nrg1916-
 []

[39])

Package natbib Warning: There were undefined citations.

Package atveryend Info: Empty hook `BeforeClearDocument' on input line 1297.
[40]
Package atveryend Info: Empty hook `AfterLastShipout' on input line 1297.
(./PLSCAR_to_a_GPLS.aux)
Package atveryend Info: Executing hook `AtVeryEndDocument' on input line 1297.
Package atveryend Info: Executing hook `AtEndAfterFileList' on input line 1297.

Package rerunfilecheck Info: File `PLSCAR_to_a_GPLS.out' has not changed.
(rerunfilecheck)             Checksum: 19D6790D284609E111721EED1F8DB8DE;1022.
Package atveryend Info: Empty hook `AtVeryVeryEnd' on input line 1297.
 ) 
Here is how much of TeX's memory you used:
 10965 strings out of 482841
 173997 string characters out of 5954934
 475492 words of memory out of 5000000
 25921 multiletter control sequences out of 15000+600000
 556076 words of font info for 77 fonts, out of 8000000 for 9000
 14 hyphenation exceptions out of 8191
 47i,18n,49p,716b,530s stack positions out of 5000i,500n,10000p,200000b,80000s
 <c:/Users/WALL-E/AppData/Roaming/TinyTeX/texmf-var/fonts/pk/ljfour/jknappen/
ec/tcrm1200.600pk> <c:/Users/WALL-E/AppData/Roaming/TinyTeX/texmf-var/fonts/pk/
ljfour/jknappen/ec/ecbx1200.600pk> <c:/Users/WALL-E/AppData/Roaming/TinyTeX/tex
mf-var/fonts/pk/ljfour/jknappen/ec/ecbx1440.600pk> <c:/Users/WALL-E/AppData/Roa
ming/TinyTeX/texmf-var/fonts/pk/ljfour/jknappen/ec/ectt1200.600pk> <c:/Users/WA
LL-E/AppData/Roaming/TinyTeX/texmf-var/fonts/pk/ljfour/jknappen/ec/ecbx1728.600
pk> <c:/Users/WALL-E/AppData/Roaming/TinyTeX/texmf-var/fonts/pk/ljfour/jknappen
/ec/ecti1200.600pk> <c:/Users/WALL-E/AppData/Roaming/TinyTeX/texmf-var/fonts/pk
/ljfour/jknappen/ec/ecrm1200.600pk> <c:/Users/WALL-E/AppData/Roaming/TinyTeX/te
xmf-var/fonts/pk/ljfour/jknappen/ec/ectt1000.600pk> <c:/Users/WALL-E/AppData/Ro
aming/TinyTeX/texmf-var/fonts/pk/ljfour/jknappen/ec/ecrm1000.600pk> <c:/Users/W
ALL-E/AppData/Roaming/TinyTeX/texmf-var/fonts/pk/ljfour/jknappen/ec/tcrm0700.60
0pk> <c:/Users/WALL-E/AppData/Roaming/TinyTeX/texmf-var/fonts/pk/ljfour/jknappe
n/ec/ecrm1095.600pk> <c:/Users/WALL-E/AppData/Roaming/TinyTeX/texmf-var/fonts/p
k/ljfour/jknappen/ec/ecbx1095.600pk> <c:/Users/WALL-E/AppData/Roaming/TinyTeX/t
exmf-var/fonts/pk/ljfour/jknappen/ec/tcrm1000.600pk> <c:/Users/WALL-E/AppData/R
oaming/TinyTeX/texmf-var/fonts/pk/ljfour/jknappen/ec/ecrm1440.600pk> <c:/Users/
WALL-E/AppData/Roaming/TinyTeX/texmf-var/fonts/pk/ljfour/jknappen/ec/ecbx2074.6
00pk><c:/Users/WALL-E/AppData/Roaming/TinyTeX/texmf-dist/fonts/type1/public/ams
fonts/cm/cmbx12.pfb><c:/Users/WALL-E/AppData/Roaming/TinyTeX/texmf-dist/fonts/t
ype1/public/amsfonts/cm/cmbx6.pfb><c:/Users/WALL-E/AppData/Roaming/TinyTeX/texm
f-dist/fonts/type1/public/amsfonts/cm/cmbx8.pfb><c:/Users/WALL-E/AppData/Roamin
g/TinyTeX/texmf-dist/fonts/type1/public/amsfonts/cm/cmex10.pfb><c:/Users/WALL-E
/AppData/Roaming/TinyTeX/texmf-dist/fonts/type1/public/amsfonts/cm/cmmi12.pfb><
c:/Users/WALL-E/AppData/Roaming/TinyTeX/texmf-dist/fonts/type1/public/amsfonts/
cm/cmmi6.pfb><c:/Users/WALL-E/AppData/Roaming/TinyTeX/texmf-dist/fonts/type1/pu
blic/amsfonts/cm/cmmi8.pfb><c:/Users/WALL-E/AppData/Roaming/TinyTeX/texmf-dist/
fonts/type1/public/amsfonts/cm/cmmib10.pfb><c:/Users/WALL-E/AppData/Roaming/Tin
yTeX/texmf-dist/fonts/type1/public/amsfonts/cmextra/cmmib8.pfb><c:/Users/WALL-E
/AppData/Roaming/TinyTeX/texmf-dist/fonts/type1/public/amsfonts/cm/cmr12.pfb><c
:/Users/WALL-E/AppData/Roaming/TinyTeX/texmf-dist/fonts/type1/public/amsfonts/c
m/cmr6.pfb><c:/Users/WALL-E/AppData/Roaming/TinyTeX/texmf-dist/fonts/type1/publ
ic/amsfonts/cm/cmr8.pfb><c:/Users/WALL-E/AppData/Roaming/TinyTeX/texmf-dist/fon
ts/type1/public/amsfonts/cm/cmsy10.pfb><c:/Users/WALL-E/AppData/Roaming/TinyTeX
/texmf-dist/fonts/type1/public/amsfonts/cm/cmsy6.pfb><c:/Users/WALL-E/AppData/R
oaming/TinyTeX/texmf-dist/fonts/type1/public/amsfonts/cm/cmsy8.pfb>
Output written on PLSCAR_to_a_GPLS.pdf (40 pages, 1000829 bytes).
PDF statistics:
 1244 PDF objects out of 1440 (max. 8388607)
 695 compressed objects within 7 object streams
 149 named destinations out of 1000 (max. 500000)
 156 words of extra memory for PDF output out of 10000 (max. 10000000)

